#
# An unexpected error has occurred (11)
#
Stack:
/lib/x86_64-linux-gnu/libc.so.6(+0x3ef20) [0x7f4c98ff6f20]
/opt/Xilinx/Vivado/2018.2/lib/lnx64.o/librdi_route.so(HARTNodeGraphBldrBase::computeMaxNodeTypeDelays(HSTVector<unsigned int, std::allocator<unsigned int> >&)+0x287) [0x7f4c6442fe27]
/opt/Xilinx/Vivado/2018.2/lib/lnx64.o/librdi_route.so(HARTNodeGraphBldrBase::buildBranchPenaltyTables()+0x2b9) [0x7f4c64435519]
/opt/Xilinx/Vivado/2018.2/lib/lnx64.o/librdi_route.so(HARTNodeGraphBldrBase::buildTileDelayTypesMT(HST2DVector<HARTNodeGraphBldrBase::TileDataForDelay, std::allocator<HARTNodeGraphBldrBase::TileDataForDelay> >&)+0xa6) [0x7f4c64435216]
/opt/Xilinx/Vivado/2018.2/lib/lnx64.o/librdi_route.so(+0x3304f8) [0x7f4c6443a4f8]
/opt/Xilinx/Vivado/2018.2/lib/lnx64.o/Ubuntu/libgomp.so.1(GOMP_parallel_sections+0x7f) [0x7f4c92ae06cf]
/opt/Xilinx/Vivado/2018.2/lib/lnx64.o/librdi_route.so(HARTNodeGraphBldrBase::buildNodeGraph(bool)+0x516) [0x7f4c644477c6]
/opt/Xilinx/Vivado/2018.2/lib/lnx64.o/librdi_route.so(HARTArchHelperV7::buildNodeGraph(HDRTNodeGraph&, HDARPart const*, bool) const+0x12f) [0x7f4c644ebc4f]
/opt/Xilinx/Vivado/2018.2/lib/lnx64.o/librdi_route.so(HARTArchHelper::buildNodeGraph(HDRTNodeGraph&, HDARPart const*, bool) const+0x18) [0x7f4c64396f38]
/opt/Xilinx/Vivado/2018.2/lib/lnx64.o/librdi_route.so(HARTDesign::buildNodeGraph(bool, unsigned int&, unsigned int&, unsigned int&, unsigned int&)+0xcf) [0x7f4c64a82e0f]
/opt/Xilinx/Vivado/2018.2/lib/lnx64.o/librdi_route.so(HARTDesign::buildRtDesign()+0x18f) [0x7f4c64a8615f]
/opt/Xilinx/Vivado/2018.2/lib/lnx64.o/librdi_route.so(HARTDesign::buildRtDesign(HARTDesignParam const&, HDPLTask*)+0xc6) [0x7f4c64a86bc6]
/opt/Xilinx/Vivado/2018.2/lib/lnx64.o/librdi_implflow.so(HARTFlow::buildRtDesign(HARTFlowParam const&)+0x5f2) [0x7f4c72ffb0e2]
/opt/Xilinx/Vivado/2018.2/lib/lnx64.o/librdi_implflow.so(HARTFlow::checkAndBuildRtDesign(HARTFlowParam&, bool)+0x1cf) [0x7f4c72ffc1ff]
/opt/Xilinx/Vivado/2018.2/lib/lnx64.o/librdi_implflow.so(HARTFlow::buildRtDesignAndCreateTimerMT(HARTFlowParam&, HARTDesign*&, std::unique_ptr<HARTFTiming, std::default_delete<HARTFTiming> >&)+0x10f) [0x7f4c72ffc50f]
/opt/Xilinx/Vivado/2018.2/lib/lnx64.o/librdi_implflow.so(HARTFlow::buildRouteDesign(HARTFlowParam&, HARTDesign*&, std::unique_ptr<HARTFTiming, std::default_delete<HARTFTiming> >&)+0x7c) [0x7f4c72ffdefc]
/opt/Xilinx/Vivado/2018.2/lib/lnx64.o/librdi_implflow.so(HARTFlow::runRoute(HARTFlowParam&, HAPLFMigPblockInfo const*)+0x1fc) [0x7f4c7300000c]
/opt/Xilinx/Vivado/2018.2/lib/lnx64.o/librdi_implflow.so(HARTFlow::route(HARTFlowParam&, HAPLFMigPblockInfo const*)+0x53) [0x7f4c73000c73]
/opt/Xilinx/Vivado/2018.2/lib/lnx64.o/librdi_implflow.so(HARTRouteApi::routeDesign(unsigned int, HAPLFMigPblockInfo const*, char const*, char const*, unsigned int)+0x2a0) [0x7f4c730210f0]
/opt/Xilinx/Vivado/2018.2/lib/lnx64.o/librdi_vivadotasks.so(+0x416741) [0x7f4c5bd48741]
/opt/Xilinx/Vivado/2018.2/lib/lnx64.o/librdi_vivadotasks.so(+0x4191c3) [0x7f4c5bd4b1c3]
/opt/Xilinx/Vivado/2018.2/lib/lnx64.o/librdi_common.so(+0x78e792) [0x7f4c9a2d8792]
/opt/Xilinx/Vivado/2018.2/lib/lnx64.o/libtcl8.5.so(+0x334af) [0x7f4c945924af]
/opt/Xilinx/Vivado/2018.2/lib/lnx64.o/libtcl8.5.so(+0x76875) [0x7f4c945d5875]
/opt/Xilinx/Vivado/2018.2/lib/lnx64.o/libtcl8.5.so(+0x7e029) [0x7f4c945dd029]
/opt/Xilinx/Vivado/2018.2/lib/lnx64.o/libtcl8.5.so(TclEvalObjEx+0x76) [0x7f4c94594156]
/opt/Xilinx/Vivado/2018.2/lib/lnx64.o/librdi_commontasks.so(+0x1b26b4) [0x7f4c8eea16b4]
/opt/Xilinx/Vivado/2018.2/lib/lnx64.o/libtcl8.5.so(+0x334af) [0x7f4c945924af]
/opt/Xilinx/Vivado/2018.2/lib/lnx64.o/libtcl8.5.so(+0x34b38) [0x7f4c94593b38]
/opt/Xilinx/Vivado/2018.2/lib/lnx64.o/libtcl8.5.so(+0xad486) [0x7f4c9460c486]
/opt/Xilinx/Vivado/2018.2/lib/lnx64.o/libtcl8.5.so(+0x346c5) [0x7f4c945936c5]
/opt/Xilinx/Vivado/2018.2/lib/lnx64.o/libtcl8.5.so(Tcl_EvalEx+0x13) [0x7f4c945940a3]
/opt/Xilinx/Vivado/2018.2/lib/lnx64.o/libtcl8.5.so(Tcl_FSEvalFileEx+0x1da) [0x7f4c945f8c5a]
/opt/Xilinx/Vivado/2018.2/lib/lnx64.o/librdi_commontasks.so(+0x1cf84d) [0x7f4c8eebe84d]
/opt/Xilinx/Vivado/2018.2/lib/lnx64.o/librdi_common.so(+0x78e792) [0x7f4c9a2d8792]
/opt/Xilinx/Vivado/2018.2/lib/lnx64.o/libtcl8.5.so(+0x334af) [0x7f4c945924af]
/opt/Xilinx/Vivado/2018.2/lib/lnx64.o/libtcl8.5.so(Tcl_EvalObjv+0x32) [0x7f4c945925e2]
/opt/Xilinx/Vivado/2018.2/lib/lnx64.o/libtcl8.5.so(TclEvalObjEx+0x322) [0x7f4c94594402]
/opt/Xilinx/Vivado/2018.2/lib/lnx64.o/librdi_commontasks.so(+0x200e8f) [0x7f4c8eeefe8f]
/opt/Xilinx/Vivado/2018.2/lib/lnx64.o/librdi_commontasks.so(+0x20255e) [0x7f4c8eef155e]
/opt/Xilinx/Vivado/2018.2/lib/lnx64.o/librdi_common.so(+0x78e792) [0x7f4c9a2d8792]
/opt/Xilinx/Vivado/2018.2/lib/lnx64.o/libtcl8.5.so(+0x334af) [0x7f4c945924af]
/opt/Xilinx/Vivado/2018.2/lib/lnx64.o/libtcl8.5.so(Tcl_EvalObjv+0x32) [0x7f4c945925e2]
/opt/Xilinx/Vivado/2018.2/lib/lnx64.o/libtcl8.5.so(TclEvalObjEx+0x322) [0x7f4c94594402]
/opt/Xilinx/Vivado/2018.2/lib/lnx64.o/librdi_commonmain.so(+0x7414) [0x7f4c99946414]
/opt/Xilinx/Vivado/2018.2/lib/lnx64.o/libtcl8.5.so(Tcl_Main+0x1d0) [0x7f4c945ff210]
/opt/Xilinx/Vivado/2018.2/lib/lnx64.o/librdi_common.so(+0x7d175b) [0x7f4c9a31b75b]
/lib/x86_64-linux-gnu/libpthread.so.0(+0x76db) [0x7f4c98da06db]
/lib/x86_64-linux-gnu/libc.so.6(clone+0x3f) [0x7f4c990d988f]
