#
# An unexpected error has occurred (11)
#
Stack:
/lib/x86_64-linux-gnu/libc.so.6(+0x3ef20) [0x7f8a9f1f0f20]
/opt/Xilinx/Vivado/2018.2/lib/lnx64.o/librdi_route.so(HARTNodeGraphBldrBase::buildTileInConn(int, int, HST2DVector<HARTNodeGraphBldrBase::TileData, std::allocator<HARTNodeGraphBldrBase::TileData> > const&, HST2DVector<HARTNodeGraphBldrBase::TileData, std::allocator<HARTNodeGraphBldrBase::TileData> >&)+0x172) [0x7f8a6a633cf2]
/opt/Xilinx/Vivado/2018.2/lib/lnx64.o/librdi_route.so(HARTNodeGraphBldrBase::buildTileInConn(HST2DVector<HARTNodeGraphBldrBase::TileData, std::allocator<HARTNodeGraphBldrBase::TileData> >&)+0xc6) [0x7f8a6a6343d6]
/opt/Xilinx/Vivado/2018.2/lib/lnx64.o/librdi_route.so(+0x33050d) [0x7f8a6a63450d]
/opt/Xilinx/Vivado/2018.2/lib/lnx64.o/Ubuntu/libgomp.so.1(GOMP_parallel_sections+0x7f) [0x7f8a98cda6cf]
/opt/Xilinx/Vivado/2018.2/lib/lnx64.o/librdi_route.so(HARTNodeGraphBldrBase::buildNodeGraph(bool)+0x516) [0x7f8a6a6417c6]
/opt/Xilinx/Vivado/2018.2/lib/lnx64.o/librdi_route.so(HARTArchHelperV7::buildNodeGraph(HDRTNodeGraph&, HDARPart const*, bool) const+0x12f) [0x7f8a6a6e5c4f]
/opt/Xilinx/Vivado/2018.2/lib/lnx64.o/librdi_route.so(HARTArchHelper::buildNodeGraph(HDRTNodeGraph&, HDARPart const*, bool) const+0x18) [0x7f8a6a590f38]
/opt/Xilinx/Vivado/2018.2/lib/lnx64.o/librdi_route.so(HARTDesign::buildNodeGraph(bool, unsigned int&, unsigned int&, unsigned int&, unsigned int&)+0xcf) [0x7f8a6ac7ce0f]
/opt/Xilinx/Vivado/2018.2/lib/lnx64.o/librdi_route.so(HARTDesign::buildRtDesign()+0x18f) [0x7f8a6ac8015f]
/opt/Xilinx/Vivado/2018.2/lib/lnx64.o/librdi_route.so(HARTDesign::buildRtDesign(HARTDesignParam const&, HDPLTask*)+0xc6) [0x7f8a6ac80bc6]
/opt/Xilinx/Vivado/2018.2/lib/lnx64.o/librdi_implflow.so(HARTFlow::buildRtDesign(HARTFlowParam const&)+0x5f2) [0x7f8a791f50e2]
/opt/Xilinx/Vivado/2018.2/lib/lnx64.o/librdi_implflow.so(HARTFlow::checkAndBuildRtDesign(HARTFlowParam&, bool)+0x1cf) [0x7f8a791f61ff]
/opt/Xilinx/Vivado/2018.2/lib/lnx64.o/librdi_implflow.so(HARTFlow::buildRtDesignAndCreateTimerMT(HARTFlowParam&, HARTDesign*&, std::unique_ptr<HARTFTiming, std::default_delete<HARTFTiming> >&)+0x10f) [0x7f8a791f650f]
/opt/Xilinx/Vivado/2018.2/lib/lnx64.o/librdi_implflow.so(HARTFlow::buildRouteDesign(HARTFlowParam&, HARTDesign*&, std::unique_ptr<HARTFTiming, std::default_delete<HARTFTiming> >&)+0x7c) [0x7f8a791f7efc]
/opt/Xilinx/Vivado/2018.2/lib/lnx64.o/librdi_implflow.so(HARTFlow::runRoute(HARTFlowParam&, HAPLFMigPblockInfo const*)+0x1fc) [0x7f8a791fa00c]
/opt/Xilinx/Vivado/2018.2/lib/lnx64.o/librdi_implflow.so(HARTFlow::route(HARTFlowParam&, HAPLFMigPblockInfo const*)+0x53) [0x7f8a791fac73]
/opt/Xilinx/Vivado/2018.2/lib/lnx64.o/librdi_implflow.so(HARTRouteApi::routeDesign(unsigned int, HAPLFMigPblockInfo const*, char const*, char const*, unsigned int)+0x2a0) [0x7f8a7921b0f0]
/opt/Xilinx/Vivado/2018.2/lib/lnx64.o/librdi_vivadotasks.so(+0x416741) [0x7f8a61f42741]
/opt/Xilinx/Vivado/2018.2/lib/lnx64.o/librdi_vivadotasks.so(+0x4191c3) [0x7f8a61f451c3]
/opt/Xilinx/Vivado/2018.2/lib/lnx64.o/librdi_common.so(+0x78e792) [0x7f8aa04d2792]
/opt/Xilinx/Vivado/2018.2/lib/lnx64.o/libtcl8.5.so(+0x334af) [0x7f8a9a78c4af]
/opt/Xilinx/Vivado/2018.2/lib/lnx64.o/libtcl8.5.so(+0x76875) [0x7f8a9a7cf875]
/opt/Xilinx/Vivado/2018.2/lib/lnx64.o/libtcl8.5.so(+0x7e029) [0x7f8a9a7d7029]
/opt/Xilinx/Vivado/2018.2/lib/lnx64.o/libtcl8.5.so(TclEvalObjEx+0x76) [0x7f8a9a78e156]
/opt/Xilinx/Vivado/2018.2/lib/lnx64.o/librdi_commontasks.so(+0x1b26b4) [0x7f8a9509b6b4]
/opt/Xilinx/Vivado/2018.2/lib/lnx64.o/libtcl8.5.so(+0x334af) [0x7f8a9a78c4af]
/opt/Xilinx/Vivado/2018.2/lib/lnx64.o/libtcl8.5.so(+0x34b38) [0x7f8a9a78db38]
/opt/Xilinx/Vivado/2018.2/lib/lnx64.o/libtcl8.5.so(+0xad486) [0x7f8a9a806486]
/opt/Xilinx/Vivado/2018.2/lib/lnx64.o/libtcl8.5.so(+0x346c5) [0x7f8a9a78d6c5]
/opt/Xilinx/Vivado/2018.2/lib/lnx64.o/libtcl8.5.so(Tcl_EvalEx+0x13) [0x7f8a9a78e0a3]
/opt/Xilinx/Vivado/2018.2/lib/lnx64.o/libtcl8.5.so(Tcl_FSEvalFileEx+0x1da) [0x7f8a9a7f2c5a]
/opt/Xilinx/Vivado/2018.2/lib/lnx64.o/librdi_commontasks.so(+0x1cf84d) [0x7f8a950b884d]
/opt/Xilinx/Vivado/2018.2/lib/lnx64.o/librdi_common.so(+0x78e792) [0x7f8aa04d2792]
/opt/Xilinx/Vivado/2018.2/lib/lnx64.o/libtcl8.5.so(+0x334af) [0x7f8a9a78c4af]
/opt/Xilinx/Vivado/2018.2/lib/lnx64.o/libtcl8.5.so(Tcl_EvalObjv+0x32) [0x7f8a9a78c5e2]
/opt/Xilinx/Vivado/2018.2/lib/lnx64.o/libtcl8.5.so(TclEvalObjEx+0x322) [0x7f8a9a78e402]
/opt/Xilinx/Vivado/2018.2/lib/lnx64.o/librdi_commontasks.so(+0x200e8f) [0x7f8a950e9e8f]
/opt/Xilinx/Vivado/2018.2/lib/lnx64.o/librdi_commontasks.so(+0x20255e) [0x7f8a950eb55e]
/opt/Xilinx/Vivado/2018.2/lib/lnx64.o/librdi_common.so(+0x78e792) [0x7f8aa04d2792]
/opt/Xilinx/Vivado/2018.2/lib/lnx64.o/libtcl8.5.so(+0x334af) [0x7f8a9a78c4af]
/opt/Xilinx/Vivado/2018.2/lib/lnx64.o/libtcl8.5.so(Tcl_EvalObjv+0x32) [0x7f8a9a78c5e2]
/opt/Xilinx/Vivado/2018.2/lib/lnx64.o/libtcl8.5.so(TclEvalObjEx+0x322) [0x7f8a9a78e402]
/opt/Xilinx/Vivado/2018.2/lib/lnx64.o/librdi_commonmain.so(+0x7414) [0x7f8a9fb40414]
/opt/Xilinx/Vivado/2018.2/lib/lnx64.o/libtcl8.5.so(Tcl_Main+0x1d0) [0x7f8a9a7f9210]
/opt/Xilinx/Vivado/2018.2/lib/lnx64.o/librdi_common.so(+0x7d175b) [0x7f8aa051575b]
/lib/x86_64-linux-gnu/libpthread.so.0(+0x76db) [0x7f8a9ef9a6db]
/lib/x86_64-linux-gnu/libc.so.6(clone+0x3f) [0x7f8a9f2d388f]
