#
# An unexpected error has occurred (6)
#
Stack:
/lib/x86_64-linux-gnu/libc.so.6(+0x3ef20) [0x7fc16c7cdf20]
/lib/x86_64-linux-gnu/libc.so.6(gsignal+0xc7) [0x7fc16c7cde97]
/lib/x86_64-linux-gnu/libc.so.6(abort+0x141) [0x7fc16c7cf801]
/opt/Xilinx/Vivado/2018.2/lib/lnx64.o/librdi_common.so(HUTFileUtils::checkRegistry(std::__cxx11::basic_string<char, std::char_traits<char>, std::allocator<char> > const&, boost::function<std::__cxx11::basic_string<char, std::char_traits<char>, std::allocator<char> > ()>)+0x1692) [0x7fc16db67d72]
/opt/Xilinx/Vivado/2018.2/lib/lnx64.o/librdi_designutils.so(+0x568b8b) [0x7fc15571bb8b]
/lib64/ld-linux-x86-64.so.2(+0x10733) [0x7fc16e6fd733]
/lib64/ld-linux-x86-64.so.2(+0x151ff) [0x7fc16e7021ff]
/lib/x86_64-linux-gnu/libc.so.6(_dl_catch_exception+0x6f) [0x7fc16c8f62df]
/lib64/ld-linux-x86-64.so.2(+0x147ca) [0x7fc16e7017ca]
/lib/x86_64-linux-gnu/libdl.so.2(+0xf96) [0x7fc167576f96]
/lib/x86_64-linux-gnu/libc.so.6(_dl_catch_exception+0x6f) [0x7fc16c8f62df]
/lib/x86_64-linux-gnu/libc.so.6(_dl_catch_error+0x2f) [0x7fc16c8f636f]
/lib/x86_64-linux-gnu/libdl.so.2(+0x1735) [0x7fc167577735]
/lib/x86_64-linux-gnu/libdl.so.2(dlopen+0x71) [0x7fc167577051]
/opt/Xilinx/Vivado/2018.2/lib/lnx64.o/libtcl8.5.so(+0xddeb0) [0x7fc167e13eb0]
/opt/Xilinx/Vivado/2018.2/lib/lnx64.o/libtcl8.5.so(+0x9a696) [0x7fc167dd0696]
/opt/Xilinx/Vivado/2018.2/lib/lnx64.o/libtcl8.5.so(+0x9eba3) [0x7fc167dd4ba3]
/opt/Xilinx/Vivado/2018.2/lib/lnx64.o/libtcl8.5.so(+0x334af) [0x7fc167d694af]
/opt/Xilinx/Vivado/2018.2/lib/lnx64.o/libtcl8.5.so(+0x34b38) [0x7fc167d6ab38]
/opt/Xilinx/Vivado/2018.2/lib/lnx64.o/libtcl8.5.so(Tcl_EvalEx+0x13) [0x7fc167d6b0a3]
/opt/Xilinx/Vivado/2018.2/lib/lnx64.o/libtcl8.5.so(TclEvalObjEx+0x3cf) [0x7fc167d6b4af]
/opt/Xilinx/Vivado/2018.2/lib/lnx64.o/libtcl8.5.so(+0xb74a9) [0x7fc167ded4a9]
/opt/Xilinx/Vivado/2018.2/lib/lnx64.o/libtcl8.5.so(+0x334af) [0x7fc167d694af]
/opt/Xilinx/Vivado/2018.2/lib/lnx64.o/libtcl8.5.so(+0x76875) [0x7fc167dac875]
/opt/Xilinx/Vivado/2018.2/lib/lnx64.o/libtcl8.5.so(+0x7e029) [0x7fc167db4029]
/opt/Xilinx/Vivado/2018.2/lib/lnx64.o/libtcl8.5.so(TclEvalObjEx+0x76) [0x7fc167d6b156]
/opt/Xilinx/Vivado/2018.2/lib/lnx64.o/librdi_commontasks.so(+0x1b26b4) [0x7fc1626786b4]
/opt/Xilinx/Vivado/2018.2/lib/lnx64.o/libtcl8.5.so(+0x334af) [0x7fc167d694af]
/opt/Xilinx/Vivado/2018.2/lib/lnx64.o/libtcl8.5.so(+0x76875) [0x7fc167dac875]
/opt/Xilinx/Vivado/2018.2/lib/lnx64.o/libtcl8.5.so(TclObjInterpProcCore+0x420) [0x7fc167deddf0]
/opt/Xilinx/Vivado/2018.2/lib/lnx64.o/libtcl8.5.so(+0x334af) [0x7fc167d694af]
/opt/Xilinx/Vivado/2018.2/lib/lnx64.o/libtcl8.5.so(+0x34b38) [0x7fc167d6ab38]
/opt/Xilinx/Vivado/2018.2/lib/lnx64.o/libtcl8.5.so(Tcl_EvalEx+0x13) [0x7fc167d6b0a3]
/opt/Xilinx/Vivado/2018.2/lib/lnx64.o/libtcl8.5.so(Tcl_FSEvalFileEx+0x1da) [0x7fc167dcfc5a]
/opt/Xilinx/Vivado/2018.2/lib/lnx64.o/librdi_commontasks.so(+0x1cf84d) [0x7fc16269584d]
/opt/Xilinx/Vivado/2018.2/lib/lnx64.o/librdi_common.so(+0x78e792) [0x7fc16daaf792]
/opt/Xilinx/Vivado/2018.2/lib/lnx64.o/libtcl8.5.so(+0x334af) [0x7fc167d694af]
/opt/Xilinx/Vivado/2018.2/lib/lnx64.o/libtcl8.5.so(Tcl_EvalObjv+0x32) [0x7fc167d695e2]
/opt/Xilinx/Vivado/2018.2/lib/lnx64.o/libtcl8.5.so(TclEvalObjEx+0x322) [0x7fc167d6b402]
/opt/Xilinx/Vivado/2018.2/lib/lnx64.o/librdi_commontasks.so(+0x3861ba) [0x7fc16284c1ba]
/opt/Xilinx/Vivado/2018.2/lib/lnx64.o/librdi_common.so(+0x78e792) [0x7fc16daaf792]
/opt/Xilinx/Vivado/2018.2/lib/lnx64.o/libtcl8.5.so(+0x334af) [0x7fc167d694af]
/opt/Xilinx/Vivado/2018.2/lib/lnx64.o/libtcl8.5.so(+0x34b38) [0x7fc167d6ab38]
/opt/Xilinx/Vivado/2018.2/lib/lnx64.o/libtcl8.5.so(Tcl_EvalEx+0x13) [0x7fc167d6b0a3]
/opt/Xilinx/Vivado/2018.2/lib/lnx64.o/libtcl8.5.so(Tcl_FSEvalFileEx+0x1da) [0x7fc167dcfc5a]
/opt/Xilinx/Vivado/2018.2/lib/lnx64.o/librdi_commontasks.so(+0x1cf84d) [0x7fc16269584d]
/opt/Xilinx/Vivado/2018.2/lib/lnx64.o/librdi_common.so(+0x78e792) [0x7fc16daaf792]
/opt/Xilinx/Vivado/2018.2/lib/lnx64.o/libtcl8.5.so(+0x334af) [0x7fc167d694af]
/opt/Xilinx/Vivado/2018.2/lib/lnx64.o/libtcl8.5.so(Tcl_EvalObjv+0x32) [0x7fc167d695e2]
/opt/Xilinx/Vivado/2018.2/lib/lnx64.o/libtcl8.5.so(TclEvalObjEx+0x322) [0x7fc167d6b402]
/opt/Xilinx/Vivado/2018.2/lib/lnx64.o/librdi_commontasks.so(+0x20011a) [0x7fc1626c611a]
/opt/Xilinx/Vivado/2018.2/lib/lnx64.o/librdi_commontasks.so(+0x20255e) [0x7fc1626c855e]
/opt/Xilinx/Vivado/2018.2/lib/lnx64.o/librdi_common.so(+0x78e792) [0x7fc16daaf792]
/opt/Xilinx/Vivado/2018.2/lib/lnx64.o/libtcl8.5.so(+0x334af) [0x7fc167d694af]
/opt/Xilinx/Vivado/2018.2/lib/lnx64.o/libtcl8.5.so(Tcl_EvalObjv+0x32) [0x7fc167d695e2]
/opt/Xilinx/Vivado/2018.2/lib/lnx64.o/libtcl8.5.so(TclEvalObjEx+0x322) [0x7fc167d6b402]
/opt/Xilinx/Vivado/2018.2/lib/lnx64.o/librdi_commonmain.so(+0x7414) [0x7fc16d11d414]
/opt/Xilinx/Vivado/2018.2/lib/lnx64.o/libtcl8.5.so(Tcl_Main+0x1d0) [0x7fc167dd6210]
/opt/Xilinx/Vivado/2018.2/lib/lnx64.o/librdi_common.so(+0x7d175b) [0x7fc16daf275b]
/lib/x86_64-linux-gnu/libpthread.so.0(+0x76db) [0x7fc16c5776db]
/lib/x86_64-linux-gnu/libc.so.6(clone+0x3f) [0x7fc16c8b088f]
