#
# An unexpected error has occurred (11)
#
Stack:
/lib/x86_64-linux-gnu/libc.so.6(+0x3ef20) [0x7f242415ef20]
/opt/Xilinx/Vivado/2018.2/lib/lnx64.o/librdi_route.so(HARTNodeGraphBldrBase::buildTileInConn(int, int, HST2DVector<HARTNodeGraphBldrBase::TileData, std::allocator<HARTNodeGraphBldrBase::TileData> > const&, HST2DVector<HARTNodeGraphBldrBase::TileData, std::allocator<HARTNodeGraphBldrBase::TileData> >&)+0x172) [0x7f23ef5a2cf2]
/opt/Xilinx/Vivado/2018.2/lib/lnx64.o/librdi_route.so(HARTNodeGraphBldrBase::buildTileInConn(HST2DVector<HARTNodeGraphBldrBase::TileData, std::allocator<HARTNodeGraphBldrBase::TileData> >&)+0xc6) [0x7f23ef5a33d6]
/opt/Xilinx/Vivado/2018.2/lib/lnx64.o/librdi_route.so(+0x33050d) [0x7f23ef5a350d]
/opt/Xilinx/Vivado/2018.2/lib/lnx64.o/Ubuntu/libgomp.so.1(GOMP_parallel_sections+0x7f) [0x7f241dc486cf]
/opt/Xilinx/Vivado/2018.2/lib/lnx64.o/librdi_route.so(HARTNodeGraphBldrBase::buildNodeGraph(bool)+0x516) [0x7f23ef5b07c6]
/opt/Xilinx/Vivado/2018.2/lib/lnx64.o/librdi_route.so(HARTArchHelperV7::buildNodeGraph(HDRTNodeGraph&, HDARPart const*, bool) const+0x12f) [0x7f23ef654c4f]
/opt/Xilinx/Vivado/2018.2/lib/lnx64.o/librdi_route.so(HARTArchHelper::buildNodeGraph(HDRTNodeGraph&, HDARPart const*, bool) const+0x18) [0x7f23ef4fff38]
/opt/Xilinx/Vivado/2018.2/lib/lnx64.o/librdi_route.so(HARTDesign::buildNodeGraph(bool, unsigned int&, unsigned int&, unsigned int&, unsigned int&)+0xcf) [0x7f23efbebe0f]
/opt/Xilinx/Vivado/2018.2/lib/lnx64.o/librdi_route.so(HARTDesign::buildRtDesign()+0x18f) [0x7f23efbef15f]
/opt/Xilinx/Vivado/2018.2/lib/lnx64.o/librdi_route.so(HARTDesign::buildRtDesign(HARTDesignParam const&, HDPLTask*)+0xc6) [0x7f23efbefbc6]
/opt/Xilinx/Vivado/2018.2/lib/lnx64.o/librdi_implflow.so(HARTFlow::buildRtDesign(HARTFlowParam const&)+0x5f2) [0x7f23fe1640e2]
/opt/Xilinx/Vivado/2018.2/lib/lnx64.o/librdi_implflow.so(HARTFlow::checkAndBuildRtDesign(HARTFlowParam&, bool)+0x1cf) [0x7f23fe1651ff]
/opt/Xilinx/Vivado/2018.2/lib/lnx64.o/librdi_implflow.so(HARTFlow::buildRtDesignAndCreateTimerMT(HARTFlowParam&, HARTDesign*&, std::unique_ptr<HARTFTiming, std::default_delete<HARTFTiming> >&)+0x10f) [0x7f23fe16550f]
/opt/Xilinx/Vivado/2018.2/lib/lnx64.o/librdi_implflow.so(HARTFlow::buildRouteDesign(HARTFlowParam&, HARTDesign*&, std::unique_ptr<HARTFTiming, std::default_delete<HARTFTiming> >&)+0x7c) [0x7f23fe166efc]
/opt/Xilinx/Vivado/2018.2/lib/lnx64.o/librdi_implflow.so(HARTFlow::runRoute(HARTFlowParam&, HAPLFMigPblockInfo const*)+0x1fc) [0x7f23fe16900c]
/opt/Xilinx/Vivado/2018.2/lib/lnx64.o/librdi_implflow.so(HARTFlow::route(HARTFlowParam&, HAPLFMigPblockInfo const*)+0x53) [0x7f23fe169c73]
/opt/Xilinx/Vivado/2018.2/lib/lnx64.o/librdi_implflow.so(HARTRouteApi::routeDesign(unsigned int, HAPLFMigPblockInfo const*, char const*, char const*, unsigned int)+0x2a0) [0x7f23fe18a0f0]
/opt/Xilinx/Vivado/2018.2/lib/lnx64.o/librdi_vivadotasks.so(+0x416741) [0x7f23e6eb1741]
/opt/Xilinx/Vivado/2018.2/lib/lnx64.o/librdi_vivadotasks.so(+0x4191c3) [0x7f23e6eb41c3]
/opt/Xilinx/Vivado/2018.2/lib/lnx64.o/librdi_common.so(+0x78e792) [0x7f2425440792]
/opt/Xilinx/Vivado/2018.2/lib/lnx64.o/libtcl8.5.so(+0x334af) [0x7f241f6fa4af]
/opt/Xilinx/Vivado/2018.2/lib/lnx64.o/libtcl8.5.so(+0x76875) [0x7f241f73d875]
/opt/Xilinx/Vivado/2018.2/lib/lnx64.o/libtcl8.5.so(+0x7e029) [0x7f241f745029]
/opt/Xilinx/Vivado/2018.2/lib/lnx64.o/libtcl8.5.so(TclEvalObjEx+0x76) [0x7f241f6fc156]
/opt/Xilinx/Vivado/2018.2/lib/lnx64.o/librdi_commontasks.so(+0x1b26b4) [0x7f241a0096b4]
/opt/Xilinx/Vivado/2018.2/lib/lnx64.o/libtcl8.5.so(+0x334af) [0x7f241f6fa4af]
/opt/Xilinx/Vivado/2018.2/lib/lnx64.o/libtcl8.5.so(+0x34b38) [0x7f241f6fbb38]
/opt/Xilinx/Vivado/2018.2/lib/lnx64.o/libtcl8.5.so(+0xad486) [0x7f241f774486]
/opt/Xilinx/Vivado/2018.2/lib/lnx64.o/libtcl8.5.so(+0x346c5) [0x7f241f6fb6c5]
/opt/Xilinx/Vivado/2018.2/lib/lnx64.o/libtcl8.5.so(Tcl_EvalEx+0x13) [0x7f241f6fc0a3]
/opt/Xilinx/Vivado/2018.2/lib/lnx64.o/libtcl8.5.so(Tcl_FSEvalFileEx+0x1da) [0x7f241f760c5a]
/opt/Xilinx/Vivado/2018.2/lib/lnx64.o/librdi_commontasks.so(+0x1cf84d) [0x7f241a02684d]
/opt/Xilinx/Vivado/2018.2/lib/lnx64.o/librdi_common.so(+0x78e792) [0x7f2425440792]
/opt/Xilinx/Vivado/2018.2/lib/lnx64.o/libtcl8.5.so(+0x334af) [0x7f241f6fa4af]
/opt/Xilinx/Vivado/2018.2/lib/lnx64.o/libtcl8.5.so(Tcl_EvalObjv+0x32) [0x7f241f6fa5e2]
/opt/Xilinx/Vivado/2018.2/lib/lnx64.o/libtcl8.5.so(TclEvalObjEx+0x322) [0x7f241f6fc402]
/opt/Xilinx/Vivado/2018.2/lib/lnx64.o/librdi_commontasks.so(+0x200e8f) [0x7f241a057e8f]
/opt/Xilinx/Vivado/2018.2/lib/lnx64.o/librdi_commontasks.so(+0x20255e) [0x7f241a05955e]
/opt/Xilinx/Vivado/2018.2/lib/lnx64.o/librdi_common.so(+0x78e792) [0x7f2425440792]
/opt/Xilinx/Vivado/2018.2/lib/lnx64.o/libtcl8.5.so(+0x334af) [0x7f241f6fa4af]
/opt/Xilinx/Vivado/2018.2/lib/lnx64.o/libtcl8.5.so(Tcl_EvalObjv+0x32) [0x7f241f6fa5e2]
/opt/Xilinx/Vivado/2018.2/lib/lnx64.o/libtcl8.5.so(TclEvalObjEx+0x322) [0x7f241f6fc402]
/opt/Xilinx/Vivado/2018.2/lib/lnx64.o/librdi_commonmain.so(+0x7414) [0x7f2424aae414]
/opt/Xilinx/Vivado/2018.2/lib/lnx64.o/libtcl8.5.so(Tcl_Main+0x1d0) [0x7f241f767210]
/opt/Xilinx/Vivado/2018.2/lib/lnx64.o/librdi_common.so(+0x7d175b) [0x7f242548375b]
/lib/x86_64-linux-gnu/libpthread.so.0(+0x76db) [0x7f2423f086db]
/lib/x86_64-linux-gnu/libc.so.6(clone+0x3f) [0x7f242424188f]
