#
# An unexpected error has occurred (11)
#
Stack:
/lib/x86_64-linux-gnu/libc.so.6(+0x3ef20) [0x7f97e1138f20]
/opt/Xilinx/Vivado/2018.2/lib/lnx64.o/librdi_designutils.so(Bg_BfdRam::~Bg_BfdRam()+0x4) [0x7f97ca1453b4]
/opt/Xilinx/Vivado/2018.2/lib/lnx64.o/librdi_designutils.so(Bg_BfdTile::~Bg_BfdTile()+0x1f0) [0x7f97ca14cc00]
/opt/Xilinx/Vivado/2018.2/lib/lnx64.o/librdi_designutils.so(Bg_FujiBfdTile::~Bg_FujiBfdTile()+0x9) [0x7f97ca1f5b09]
/opt/Xilinx/Vivado/2018.2/lib/lnx64.o/librdi_designutils.so(Bg_Chip::~Bg_Chip()+0x57) [0x7f97ca163fe7]
/opt/Xilinx/Vivado/2018.2/lib/lnx64.o/librdi_designutils.so(Bg_FujiChip::~Bg_FujiChip()+0x9) [0x7f97ca21cd29]
/opt/Xilinx/Vivado/2018.2/lib/lnx64.o/librdi_designutils.so(Bg_Bitgen::~Bg_Bitgen()+0x53) [0x7f97ca152423]
/opt/Xilinx/Vivado/2018.2/lib/lnx64.o/librdi_designutils.so(Bg_FujiBitgen::~Bg_FujiBitgen()+0x9) [0x7f97ca2003a9]
/opt/Xilinx/Vivado/2018.2/lib/lnx64.o/librdi_tcltasks.so(+0x89d01e) [0x7f97d393f01e]
/opt/Xilinx/Vivado/2018.2/lib/lnx64.o/librdi_tcltasks.so(+0x89e09f) [0x7f97d394009f]
/opt/Xilinx/Vivado/2018.2/lib/lnx64.o/librdi_common.so(+0x78e792) [0x7f97e241a792]
/opt/Xilinx/Vivado/2018.2/lib/lnx64.o/libtcl8.5.so(+0x334af) [0x7f97dc6d44af]
/opt/Xilinx/Vivado/2018.2/lib/lnx64.o/libtcl8.5.so(+0x76875) [0x7f97dc717875]
/opt/Xilinx/Vivado/2018.2/lib/lnx64.o/libtcl8.5.so(+0x7e029) [0x7f97dc71f029]
/opt/Xilinx/Vivado/2018.2/lib/lnx64.o/libtcl8.5.so(TclEvalObjEx+0x76) [0x7f97dc6d6156]
/opt/Xilinx/Vivado/2018.2/lib/lnx64.o/librdi_commontasks.so(+0x1b26b4) [0x7f97d6fe36b4]
/opt/Xilinx/Vivado/2018.2/lib/lnx64.o/libtcl8.5.so(+0x334af) [0x7f97dc6d44af]
/opt/Xilinx/Vivado/2018.2/lib/lnx64.o/libtcl8.5.so(+0x34b38) [0x7f97dc6d5b38]
/opt/Xilinx/Vivado/2018.2/lib/lnx64.o/libtcl8.5.so(+0xad486) [0x7f97dc74e486]
/opt/Xilinx/Vivado/2018.2/lib/lnx64.o/libtcl8.5.so(+0x346c5) [0x7f97dc6d56c5]
/opt/Xilinx/Vivado/2018.2/lib/lnx64.o/libtcl8.5.so(Tcl_EvalEx+0x13) [0x7f97dc6d60a3]
/opt/Xilinx/Vivado/2018.2/lib/lnx64.o/libtcl8.5.so(Tcl_FSEvalFileEx+0x1da) [0x7f97dc73ac5a]
/opt/Xilinx/Vivado/2018.2/lib/lnx64.o/librdi_commontasks.so(+0x1cf84d) [0x7f97d700084d]
/opt/Xilinx/Vivado/2018.2/lib/lnx64.o/librdi_common.so(+0x78e792) [0x7f97e241a792]
/opt/Xilinx/Vivado/2018.2/lib/lnx64.o/libtcl8.5.so(+0x334af) [0x7f97dc6d44af]
/opt/Xilinx/Vivado/2018.2/lib/lnx64.o/libtcl8.5.so(Tcl_EvalObjv+0x32) [0x7f97dc6d45e2]
/opt/Xilinx/Vivado/2018.2/lib/lnx64.o/libtcl8.5.so(TclEvalObjEx+0x322) [0x7f97dc6d6402]
/opt/Xilinx/Vivado/2018.2/lib/lnx64.o/librdi_commontasks.so(+0x200e8f) [0x7f97d7031e8f]
/opt/Xilinx/Vivado/2018.2/lib/lnx64.o/librdi_commontasks.so(+0x20255e) [0x7f97d703355e]
/opt/Xilinx/Vivado/2018.2/lib/lnx64.o/librdi_common.so(+0x78e792) [0x7f97e241a792]
/opt/Xilinx/Vivado/2018.2/lib/lnx64.o/libtcl8.5.so(+0x334af) [0x7f97dc6d44af]
/opt/Xilinx/Vivado/2018.2/lib/lnx64.o/libtcl8.5.so(Tcl_EvalObjv+0x32) [0x7f97dc6d45e2]
/opt/Xilinx/Vivado/2018.2/lib/lnx64.o/libtcl8.5.so(TclEvalObjEx+0x322) [0x7f97dc6d6402]
/opt/Xilinx/Vivado/2018.2/lib/lnx64.o/librdi_commonmain.so(+0x7414) [0x7f97e1a88414]
/opt/Xilinx/Vivado/2018.2/lib/lnx64.o/libtcl8.5.so(Tcl_Main+0x1d0) [0x7f97dc741210]
/opt/Xilinx/Vivado/2018.2/lib/lnx64.o/librdi_common.so(+0x7d175b) [0x7f97e245d75b]
/lib/x86_64-linux-gnu/libpthread.so.0(+0x76db) [0x7f97e0ee26db]
/lib/x86_64-linux-gnu/libc.so.6(clone+0x3f) [0x7f97e121b88f]
