Copyright 1986-2018 Xilinx, Inc. All Rights Reserved.
------------------------------------------------------------------------------------
| Tool Version : Vivado v.2018.2 (lin64) Build 2258646 Thu Jun 14 20:02:38 MDT 2018
| Date         : Sat Sep  1 21:49:54 2018
| Host         : fabrice-VirtualBox running 64-bit Ubuntu 18.04.1 LTS
| Command      : report_control_sets -verbose -file main_control_sets_placed.rpt
| Design       : main
| Device       : xc7a100t
------------------------------------------------------------------------------------

Control Set Information

Table of Contents
-----------------
1. Summary
2. Histogram
3. Flip-Flop Distribution
4. Detailed Control Set Information

1. Summary
----------

+----------------------------------------------------------+-------+
|                          Status                          | Count |
+----------------------------------------------------------+-------+
| Number of unique control sets                            |    12 |
| Unused register locations in slices containing registers |    28 |
+----------------------------------------------------------+-------+


2. Histogram
------------

+--------+--------------+
| Fanout | Control Sets |
+--------+--------------+
|      2 |            1 |
|      6 |            1 |
|     14 |            1 |
|    16+ |            9 |
+--------+--------------+


3. Flip-Flop Distribution
-------------------------

+--------------+-----------------------+------------------------+-----------------+--------------+
| Clock Enable | Synchronous Set/Reset | Asynchronous Set/Reset | Total Registers | Total Slices |
+--------------+-----------------------+------------------------+-----------------+--------------+
| No           | No                    | No                     |              72 |           16 |
| No           | No                    | Yes                    |               0 |            0 |
| No           | Yes                   | No                     |             244 |           32 |
| Yes          | No                    | No                     |              52 |           11 |
| Yes          | No                    | Yes                    |               0 |            0 |
| Yes          | Yes                   | No                     |              20 |            5 |
+--------------+-----------------------+------------------------+-----------------+--------------+


4. Detailed Control Set Information
-----------------------------------

+-----------------------+-------------------------------+-----------------------------------+------------------+----------------+
|      Clock Signal     |         Enable Signal         |          Set/Reset Signal         | Slice Load Count | Bel Load Count |
+-----------------------+-------------------------------+-----------------------------------+------------------+----------------+
|  mydisplay/clk1s      |                               |                                   |                1 |              2 |
|  clkChar_reg_n_0_BUFG |                               |                                   |                2 |              6 |
|  mydisplay/clk1k      |                               |                                   |                4 |             14 |
|  clk100M_IBUF_BUFG    | displayVga/v_count[9]_i_1_n_0 |                                   |                7 |             20 |
|  clk100M_IBUF_BUFG    | pix_stb                       | displayVga/h_count                |                5 |             20 |
|  mydisplay/clk1k      |                               | mydisplay/show_counter[3]         |                2 |             24 |
|  clkChar_reg_n_0_BUFG |                               | XPOS[15]_i_1_n_0                  |                4 |             30 |
|  clkChar_reg_n_0_BUFG | XPOS[15]_i_1_n_0              |                                   |                4 |             32 |
|  clk100M_IBUF_BUFG    |                               |                                   |                9 |             50 |
|  clk100M_IBUF_BUFG    |                               | mydisplay/sec_count[31]_i_1_n_0   |                8 |             62 |
|  clk100M_IBUF_BUFG    |                               | mydisplay/local_count[31]_i_1_n_0 |                9 |             64 |
|  clk100M_IBUF_BUFG    |                               | local_count[31]_i_1__0_n_0        |                9 |             64 |
+-----------------------+-------------------------------+-----------------------------------+------------------+----------------+


