#
# An unexpected error has occurred (11)
#
Stack:
/lib/x86_64-linux-gnu/libc.so.6(+0x3ef20) [0x7f33e4930f20]
/opt/Xilinx/Vivado/2018.2/lib/lnx64.o/Ubuntu/libstdc++.so.6(_ZSt18_Rb_tree_incrementPKSt18_Rb_tree_node_base+0x22) [0x7f33e4f9eb82]
/opt/Xilinx/Vivado/2018.2/lib/lnx64.o/librdi_psta.so(sta::LibertyCell::findDefaultCondArcs()+0x34) [0x7f33b6490114]
/opt/Xilinx/Vivado/2018.2/lib/lnx64.o/librdi_psta.so(sta::LibertyCell::finish(bool, sta::Report*)+0x11) [0x7f33b64936a1]
/opt/Xilinx/Vivado/2018.2/lib/lnx64.o/librdi_psta.so(XilinxLibertyCell::finish(bool, sta::Report*)+0xd) [0x7f33b64485fd]
/opt/Xilinx/Vivado/2018.2/lib/lnx64.o/librdi_psta.so(sta::LibertyReader::endCell(sta::LibertyGroup*)+0xce) [0x7f33b64ae08e]
/opt/Xilinx/Vivado/2018.2/lib/lnx64.o/librdi_psta.so(XilinxLibertyReader::endCell(sta::LibertyGroup*)+0x9) [0x7f33b64484d9]
/opt/Xilinx/Vivado/2018.2/lib/lnx64.o/librdi_psta.so(sta::libertyGroupEnd()+0x1e) [0x7f33b64a51ae]
/opt/Xilinx/Vivado/2018.2/lib/lnx64.o/librdi_psta.so(LibertyParse_parse()+0x54b) [0x7f33b64a32fb]
/opt/Xilinx/Vivado/2018.2/lib/lnx64.o/librdi_psta.so(sta::parseLibertyFile(char const*, sta::LibertyGroupVisitor*, sta::Report*)+0x77) [0x7f33b64a3a97]
/opt/Xilinx/Vivado/2018.2/lib/lnx64.o/librdi_psta.so(sta::LibertyReader::readLibertyFile(char const*, sta::LibraryAnalysisPt*, bool, sta::Report*, sta::Debug*, sta::Network*)+0x13e) [0x7f33b64a63ee]
/opt/Xilinx/Vivado/2018.2/lib/lnx64.o/librdi_psta.so(XilinxReadLibertyFile(char const*, sta::LibraryAnalysisPt*, bool, sta::Report*, sta::Debug*, sta::Network*)+0x7d) [0x7f33b644845d]
/opt/Xilinx/Vivado/2018.2/lib/lnx64.o/librdi_psta.so(sta::Sta::readLiberty(char const*, char const*, sta::MinMaxAll const*, bool)+0xda) [0x7f33b65d97fa]
/opt/Xilinx/Vivado/2018.2/lib/lnx64.o/librdi_timing.so(HASTStaLibraryMgr::readLib(std::__cxx11::basic_string<char, std::char_traits<char>, std::allocator<char> > const&, sta::Sta&)+0x2e) [0x7f33b47a19ae]
/opt/Xilinx/Vivado/2018.2/lib/lnx64.o/librdi_timing.so(HAST3Sta::createLib(std::__cxx11::basic_string<char, std::char_traits<char>, std::allocator<char> > const&)+0x57c) [0x7f33b4963f0c]
/opt/Xilinx/Vivado/2018.2/lib/lnx64.o/librdi_timing.so(HAST3Sta::createLibs()+0x9b) [0x7f33b49642fb]
/opt/Xilinx/Vivado/2018.2/lib/lnx64.o/librdi_timing.so(HAST3Sta::readLibFile()+0x18) [0x7f33b49644b8]
/opt/Xilinx/Vivado/2018.2/lib/lnx64.o/librdi_timing.so(HAST3TimeAhead::initLiberty()+0x35) [0x7f33b49885e5]
/opt/Xilinx/Vivado/2018.2/lib/lnx64.o/librdi_timing.so(HAST3TimeAhead::initForSDC1()+0x19) [0x7f33b4988609]
/opt/Xilinx/Vivado/2018.2/lib/lnx64.o/librdi_timing.so(HAST3TimeAhead::initForSDC()+0x9) [0x7f33b4988629]
/opt/Xilinx/Vivado/2018.2/lib/lnx64.o/librdi_project.so(HAPRProjUtils::initStaticTimer(HAPRDesign*, HDGUIStatus&)+0x112) [0x7f33b6d7bab2]
/opt/Xilinx/Vivado/2018.2/lib/lnx64.o/librdi_project.so(HAPRDesign::readConstrs_(HDGUIStatus&, bool, bool, bool, bool)+0x252) [0x7f33b6d29a62]
/opt/Xilinx/Vivado/2018.2/lib/lnx64.o/librdi_project.so(HAPRDesign::refreshDesign(HDGUIStatus&)+0x616) [0x7f33b6d2ced6]
/opt/Xilinx/Vivado/2018.2/lib/lnx64.o/librdi_project.so(HAPRDesign::openAsSpec(HAPRDesignSpec const&, HDGUIStatus&)+0x31) [0x7f33b6d2dae1]
/opt/Xilinx/Vivado/2018.2/lib/lnx64.o/librdi_project.so(HAPRProject::openDesign_(HAPRDesignSpec const&, HDGUIStatus&)+0x7b) [0x7f33b6dc9d8b]
/opt/Xilinx/Vivado/2018.2/lib/lnx64.o/librdi_project.so(HAPRProject::openCheckpointResults(HDARPart const*, std::__cxx11::basic_string<char, std::char_traits<char>, std::allocator<char> >, std::__cxx11::basic_string<char, std::char_traits<char>, std::allocator<char> > const&, bool, bool, HDGUIStatus&)+0x14b) [0x7f33b6dca91b]
/opt/Xilinx/Vivado/2018.2/lib/lnx64.o/librdi_project.so(HAPRDesignCheckpoint::restore(HAPRProject*, HDARPart const*, std::__cxx11::basic_string<char, std::char_traits<char>, std::allocator<char> > const&, HDGUIStatus&, bool, bool)+0x1fd) [0x7f33b6d3c78d]
/opt/Xilinx/Vivado/2018.2/lib/lnx64.o/librdi_tcltasks.so(+0xc6f23b) [0x7f33d750923b]
/opt/Xilinx/Vivado/2018.2/lib/lnx64.o/librdi_common.so(+0x78e792) [0x7f33e5c12792]
/opt/Xilinx/Vivado/2018.2/lib/lnx64.o/libtcl8.5.so(+0x334af) [0x7f33dfecc4af]
/opt/Xilinx/Vivado/2018.2/lib/lnx64.o/libtcl8.5.so(+0x76875) [0x7f33dff0f875]
/opt/Xilinx/Vivado/2018.2/lib/lnx64.o/libtcl8.5.so(+0x7e029) [0x7f33dff17029]
/opt/Xilinx/Vivado/2018.2/lib/lnx64.o/libtcl8.5.so(TclEvalObjEx+0x76) [0x7f33dfece156]
/opt/Xilinx/Vivado/2018.2/lib/lnx64.o/librdi_commontasks.so(+0x1b26b4) [0x7f33da7db6b4]
/opt/Xilinx/Vivado/2018.2/lib/lnx64.o/libtcl8.5.so(+0x334af) [0x7f33dfecc4af]
/opt/Xilinx/Vivado/2018.2/lib/lnx64.o/libtcl8.5.so(+0x34b38) [0x7f33dfecdb38]
/opt/Xilinx/Vivado/2018.2/lib/lnx64.o/libtcl8.5.so(+0xad486) [0x7f33dff46486]
/opt/Xilinx/Vivado/2018.2/lib/lnx64.o/libtcl8.5.so(+0x346c5) [0x7f33dfecd6c5]
/opt/Xilinx/Vivado/2018.2/lib/lnx64.o/libtcl8.5.so(Tcl_EvalEx+0x13) [0x7f33dfece0a3]
/opt/Xilinx/Vivado/2018.2/lib/lnx64.o/libtcl8.5.so(Tcl_FSEvalFileEx+0x1da) [0x7f33dff32c5a]
/opt/Xilinx/Vivado/2018.2/lib/lnx64.o/librdi_commontasks.so(+0x1cf84d) [0x7f33da7f884d]
/opt/Xilinx/Vivado/2018.2/lib/lnx64.o/librdi_common.so(+0x78e792) [0x7f33e5c12792]
/opt/Xilinx/Vivado/2018.2/lib/lnx64.o/libtcl8.5.so(+0x334af) [0x7f33dfecc4af]
/opt/Xilinx/Vivado/2018.2/lib/lnx64.o/libtcl8.5.so(Tcl_EvalObjv+0x32) [0x7f33dfecc5e2]
/opt/Xilinx/Vivado/2018.2/lib/lnx64.o/libtcl8.5.so(TclEvalObjEx+0x322) [0x7f33dfece402]
/opt/Xilinx/Vivado/2018.2/lib/lnx64.o/librdi_commontasks.so(+0x200e8f) [0x7f33da829e8f]
/opt/Xilinx/Vivado/2018.2/lib/lnx64.o/librdi_commontasks.so(+0x20255e) [0x7f33da82b55e]
/opt/Xilinx/Vivado/2018.2/lib/lnx64.o/librdi_common.so(+0x78e792) [0x7f33e5c12792]
/opt/Xilinx/Vivado/2018.2/lib/lnx64.o/libtcl8.5.so(+0x334af) [0x7f33dfecc4af]
/opt/Xilinx/Vivado/2018.2/lib/lnx64.o/libtcl8.5.so(Tcl_EvalObjv+0x32) [0x7f33dfecc5e2]
/opt/Xilinx/Vivado/2018.2/lib/lnx64.o/libtcl8.5.so(TclEvalObjEx+0x322) [0x7f33dfece402]
/opt/Xilinx/Vivado/2018.2/lib/lnx64.o/librdi_commonmain.so(+0x7414) [0x7f33e5280414]
/opt/Xilinx/Vivado/2018.2/lib/lnx64.o/libtcl8.5.so(Tcl_Main+0x1d0) [0x7f33dff39210]
/opt/Xilinx/Vivado/2018.2/lib/lnx64.o/librdi_common.so(+0x7d175b) [0x7f33e5c5575b]
/lib/x86_64-linux-gnu/libpthread.so.0(+0x76db) [0x7f33e46da6db]
/lib/x86_64-linux-gnu/libc.so.6(clone+0x3f) [0x7f33e4a1388f]
