Vivado Simulator 2018.2
Time resolution is 1 ps
Stopped at time : 0 fs : File "/home/fabrice/Documents/ethOverOfdm/fpga/afficheur2/afficheur2.srcs/sources_1/new/bcd.v" Line 107
Stopped at time : 0 fs : File "/home/fabrice/Documents/ethOverOfdm/modulationFm/modulationFm.srcs/sources_1/new/vga.v" Line 70
Stopped at time : 0 fs : File "/home/fabrice/Documents/ethOverOfdm/modulationFm/modulationFm.srcs/sources_1/new/pwm.v" Line 38
Stopped at time : 0 fs : File "/home/fabrice/Documents/ethOverOfdm/modulationFm/modulationFm.srcs/sources_1/new/counter.v" Line 32
Stopped at time : 0 fs : File "/home/fabrice/Documents/ethOverOfdm/modulationFm/modulationFm.srcs/sources_1/new/main.v" Line 279
Stopped at time : 0 fs : File "/home/fabrice/Documents/ethOverOfdm/modulationFm/modulationFm.srcs/sources_1/new/main.v" Line 280
Stopped at time : 0 fs : File "/home/fabrice/Documents/ethOverOfdm/modulationFm/modulationFm.srcs/sources_1/new/main.v" Line 281
Stopped at time : 0 fs : File "/home/fabrice/Documents/ethOverOfdm/modulationFm/modulationFm.srcs/sources_1/new/main.v" Line 282
Stopped at time : 0 fs : File "/home/fabrice/Documents/ethOverOfdm/modulationFm/modulationFm.ip_user_files/bd/design_1/sim/design_1.v" Line 37
Stopped at time : 0 fs : File "/home/fabrice/Documents/ethOverOfdm/modulationFm/modulationFm.ip_user_files/bd/design_1/sim/design_1.v" Line 38
Stopped at time : 0 fs : File "/home/fabrice/Documents/ethOverOfdm/modulationFm/modulationFm.ip_user_files/bd/design_1/sim/design_1.v" Line 39
Stopped at time : 0 fs : File "/home/fabrice/Documents/ethOverOfdm/modulationFm/modulationFm.ip_user_files/bd/design_1/sim/design_1.v" Line 40
Stopped at time : 0 fs : File "/home/fabrice/Documents/ethOverOfdm/modulationFm/modulationFm.ip_user_files/bd/design_1/sim/design_1.v" Line 41
Stopped at time : 0 fs : File "/home/fabrice/Documents/ethOverOfdm/modulationFm/modulationFm.ip_user_files/bd/design_1/sim/design_1.v" Line 42
Stopped at time : 0 fs : File "/home/fabrice/Documents/ethOverOfdm/modulationFm/modulationFm.ip_user_files/bd/design_1/sim/design_1.v" Line 43
Stopped at time : 0 fs : File "/home/fabrice/Documents/ethOverOfdm/modulationFm/modulationFm.ip_user_files/bd/design_1/ip/design_1_dds_compiler_0_0/design_1_dds_compiler_0_0_sim_netlist.v" Line 112
Stopped at time : 0 fs : File "/home/fabrice/Documents/ethOverOfdm/modulationFm/modulationFm.ip_user_files/bd/design_1/ip/design_1_dds_compiler_0_0/design_1_dds_compiler_0_0_sim_netlist.v" Line 113
Stopped at time : 0 fs : File "/home/fabrice/Documents/ethOverOfdm/modulationFm/modulationFm.ip_user_files/bd/design_1/ip/design_1_dds_compiler_0_0/design_1_dds_compiler_0_0_sim_netlist.v" Line 131
Stopped at time : 0 fs : File "/home/fabrice/Documents/ethOverOfdm/modulationFm/modulationFm.ip_user_files/bd/design_1/ip/design_1_dds_compiler_0_0/design_1_dds_compiler_0_0_sim_netlist.v" Line 136
Stopped at time : 0 fs : File "/home/fabrice/Documents/ethOverOfdm/modulationFm/modulationFm.ip_user_files/bd/design_1/ip/design_1_dds_compiler_0_0/design_1_dds_compiler_0_0_sim_netlist.v" Line 140
Stopped at time : 0 fs : File "/home/fabrice/Documents/ethOverOfdm/modulationFm/modulationFm.ip_user_files/bd/design_1/ip/design_1_dds_compiler_0_0/design_1_dds_compiler_0_0_sim_netlist.v" Line 143
Stopped at time : 0 fs : File "/home/fabrice/Documents/ethOverOfdm/modulationFm/modulationFm.ip_user_files/bd/design_1/ip/design_1_dds_compiler_0_0/design_1_dds_compiler_0_0_sim_netlist.v" Line 144
Stopped at time : 0 fs : File "/home/fabrice/Documents/ethOverOfdm/modulationFm/modulationFm.ip_user_files/bd/design_1/ip/design_1_dds_compiler_0_0/design_1_dds_compiler_0_0_sim_netlist.v" Line 146
Stopped at time : 0 fs : File "/home/fabrice/Documents/ethOverOfdm/modulationFm/modulationFm.ip_user_files/bd/design_1/ip/design_1_dds_compiler_0_0/design_1_dds_compiler_0_0_sim_netlist.v" Line 147
Stopped at time : 0 fs : File "/home/fabrice/Documents/ethOverOfdm/modulationFm/modulationFm.ip_user_files/bd/design_1/ip/design_1_dds_compiler_0_0/design_1_dds_compiler_0_0_sim_netlist.v" Line 274
Stopped at time : 0 fs : File "/home/fabrice/Documents/ethOverOfdm/modulationFm/modulationFm.ip_user_files/bd/design_1/ip/design_1_dds_compiler_0_0/design_1_dds_compiler_0_0_sim_netlist.v" Line 275
Stopped at time : 0 fs : File "/home/fabrice/Documents/ethOverOfdm/modulationFm/modulationFm.ip_user_files/bd/design_1/ip/design_1_dds_compiler_0_0/design_1_dds_compiler_0_0_sim_netlist.v" Line 276
Stopped at time : 0 fs : File "/home/fabrice/Documents/ethOverOfdm/modulationFm/modulationFm.ip_user_files/bd/design_1/ip/design_1_dds_compiler_0_0/design_1_dds_compiler_0_0_sim_netlist.v" Line 277
Stopped at time : 0 fs : File "/home/fabrice/Documents/ethOverOfdm/modulationFm/modulationFm.ip_user_files/bd/design_1/ip/design_1_dds_compiler_0_0/design_1_dds_compiler_0_0_sim_netlist.v" Line 278
Stopped at time : 0 fs : File "/home/fabrice/Documents/ethOverOfdm/modulationFm/modulationFm.ip_user_files/bd/design_1/ip/design_1_dds_compiler_0_0/design_1_dds_compiler_0_0_sim_netlist.v" Line 279
Stopped at time : 0 fs : File "/home/fabrice/Documents/ethOverOfdm/modulationFm/modulationFm.ip_user_files/bd/design_1/ip/design_1_dds_compiler_0_0/design_1_dds_compiler_0_0_sim_netlist.v" Line 280
Stopped at time : 0 fs : File "/home/fabrice/Documents/ethOverOfdm/modulationFm/modulationFm.ip_user_files/bd/design_1/ip/design_1_dds_compiler_0_0/design_1_dds_compiler_0_0_sim_netlist.v" Line 281
Stopped at time : 0 fs : File "/home/fabrice/Documents/ethOverOfdm/modulationFm/modulationFm.ip_user_files/bd/design_1/ip/design_1_dds_compiler_0_0/design_1_dds_compiler_0_0_sim_netlist.v" Line 282
Stopped at time : 0 fs : File "/home/fabrice/Documents/ethOverOfdm/modulationFm/modulationFm.ip_user_files/bd/design_1/ip/design_1_dds_compiler_0_0/design_1_dds_compiler_0_0_sim_netlist.v" Line 283
Stopped at time : 0 fs : File "/home/fabrice/Documents/ethOverOfdm/modulationFm/modulationFm.ip_user_files/bd/design_1/ip/design_1_dds_compiler_0_0/design_1_dds_compiler_0_0_sim_netlist.v" Line 284
Stopped at time : 0 fs : File "/home/fabrice/Documents/ethOverOfdm/modulationFm/modulationFm.ip_user_files/bd/design_1/ip/design_1_dds_compiler_0_0/design_1_dds_compiler_0_0_sim_netlist.v" Line 285
Stopped at time : 0 fs : File "/home/fabrice/Documents/ethOverOfdm/modulationFm/modulationFm.ip_user_files/bd/design_1/ip/design_1_dds_compiler_0_0/design_1_dds_compiler_0_0_sim_netlist.v" Line 286
Stopped at time : 0 fs : File "/home/fabrice/Documents/ethOverOfdm/modulationFm/modulationFm.ip_user_files/bd/design_1/ip/design_1_dds_compiler_0_0/design_1_dds_compiler_0_0_sim_netlist.v" Line 287
Stopped at time : 0 fs : File "/home/fabrice/Documents/ethOverOfdm/modulationFm/modulationFm.ip_user_files/bd/design_1/ip/design_1_dds_compiler_0_0/design_1_dds_compiler_0_0_sim_netlist.v" Line 288
Stopped at time : 0 fs : File "/home/fabrice/Documents/ethOverOfdm/modulationFm/modulationFm.ip_user_files/bd/design_1/ip/design_1_dds_compiler_0_0/design_1_dds_compiler_0_0_sim_netlist.v" Line 289
Stopped at time : 0 fs : File "/home/fabrice/Documents/ethOverOfdm/modulationFm/modulationFm.ip_user_files/bd/design_1/ip/design_1_dds_compiler_0_0/design_1_dds_compiler_0_0_sim_netlist.v" Line 290
Stopped at time : 0 fs : File "/home/fabrice/Documents/ethOverOfdm/modulationFm/modulationFm.ip_user_files/bd/design_1/ip/design_1_dds_compiler_0_0/design_1_dds_compiler_0_0_sim_netlist.v" Line 291
Stopped at time : 0 fs : File "/home/fabrice/Documents/ethOverOfdm/modulationFm/modulationFm.ip_user_files/bd/design_1/ip/design_1_dds_compiler_0_0/design_1_dds_compiler_0_0_sim_netlist.v" Line 292
Stopped at time : 0 fs : File "/home/fabrice/Documents/ethOverOfdm/modulationFm/modulationFm.ip_user_files/bd/design_1/ip/design_1_dds_compiler_0_0/design_1_dds_compiler_0_0_sim_netlist.v" Line 293
Stopped at time : 0 fs : File "/home/fabrice/Documents/ethOverOfdm/modulationFm/modulationFm.ip_user_files/bd/design_1/ip/design_1_dds_compiler_0_0/design_1_dds_compiler_0_0_sim_netlist.v" Line 294
Stopped at time : 0 fs : File "/home/fabrice/Documents/ethOverOfdm/modulationFm/modulationFm.ip_user_files/bd/design_1/ip/design_1_dds_compiler_0_0/design_1_dds_compiler_0_0_sim_netlist.v" Line 295
