Vivado Simulator 2018.2
Time resolution is 1 ps
Stopped at time : 1 ns : File "/home/fabrice/Documents/ethOverOfdm/modulationFm/modulationFm.srcs/sim_1/new/test_1.v" Line 84
Stopped at time : 1 ns : File "/home/fabrice/Documents/ethOverOfdm/modulationFm/modulationFm.srcs/sim_1/new/test_1.v" Line 85
Stopped at time : 1 ns : File "/home/fabrice/Documents/ethOverOfdm/modulationFm/modulationFm.srcs/sim_1/new/test_1.v" Line 89
Stopped at time : 1 ns : File "/home/fabrice/Documents/ethOverOfdm/modulationFm/modulationFm.srcs/sim_1/new/test_1.v" Line 90
Stopped at time : 1 ns : File "/home/fabrice/Documents/ethOverOfdm/modulationFm/modulationFm.srcs/sim_1/new/test_1.v" Line 91
Stopped at time : 1 ns : File "/home/fabrice/Documents/ethOverOfdm/modulationFm/modulationFm.srcs/sim_1/new/test_1.v" Line 50
Stopped at time : 1 ns : File "/home/fabrice/Documents/ethOverOfdm/modulationFm/modulationFm.srcs/sources_1/new/ram.v" Line 50
Stopped at time : 1 ns : File "/home/fabrice/Documents/ethOverOfdm/modulationFm/modulationFm.srcs/sources_1/new/ram.v" Line 53
Stopped at time : 1 ns : File "/home/fabrice/Documents/ethOverOfdm/modulationFm/modulationFm.srcs/sources_1/new/ram.v" Line 52
Stopped at time : 1 ns : File "/home/fabrice/Documents/ethOverOfdm/modulationFm/modulationFm.srcs/sources_1/new/ram.v" Line 57
Stopped at time : 1 ns : File "/home/fabrice/Documents/ethOverOfdm/modulationFm/modulationFm.srcs/sources_1/new/ram.v" Line 56
Stopped at time : 100 ns : File "/home/fabrice/Documents/ethOverOfdm/modulationFm/modulationFm.sim/sim_1/synth/func/xsim/test_1_func_synth.v" Line 4371
Stopped at time : 100 ns : File "/home/fabrice/Documents/ethOverOfdm/modulationFm/modulationFm.sim/sim_1/synth/func/xsim/test_1_func_synth.v" Line 4372
Stopped at time : 100 ns : File "/home/fabrice/Documents/ethOverOfdm/modulationFm/modulationFm.sim/sim_1/synth/func/xsim/test_1_func_synth.v" Line 4363
Stopped at time : 1 ns : File "/home/fabrice/Documents/ethOverOfdm/modulationFm/modulationFm.srcs/sim_1/new/test_1.v" Line 84
Stopped at time : 1 ns : File "/home/fabrice/Documents/ethOverOfdm/modulationFm/modulationFm.srcs/sim_1/new/test_1.v" Line 85
Stopped at time : 1 ns : File "/home/fabrice/Documents/ethOverOfdm/modulationFm/modulationFm.srcs/sim_1/new/test_1.v" Line 89
Stopped at time : 1 ns : File "/home/fabrice/Documents/ethOverOfdm/modulationFm/modulationFm.srcs/sim_1/new/test_1.v" Line 90
Stopped at time : 1 ns : File "/home/fabrice/Documents/ethOverOfdm/modulationFm/modulationFm.srcs/sim_1/new/test_1.v" Line 91
Stopped at time : 1 ns : File "/home/fabrice/Documents/ethOverOfdm/modulationFm/modulationFm.srcs/sim_1/new/test_1.v" Line 50
Stopped at time : 1 ns : File "/home/fabrice/Documents/ethOverOfdm/modulationFm/modulationFm.srcs/sources_1/new/ram.v" Line 50
Stopped at time : 1 ns : File "/home/fabrice/Documents/ethOverOfdm/modulationFm/modulationFm.srcs/sources_1/new/ram.v" Line 53
Stopped at time : 1 ns : File "/home/fabrice/Documents/ethOverOfdm/modulationFm/modulationFm.srcs/sources_1/new/ram.v" Line 52
Stopped at time : 1 ns : File "/home/fabrice/Documents/ethOverOfdm/modulationFm/modulationFm.srcs/sources_1/new/ram.v" Line 57
Stopped at time : 1 ns : File "/home/fabrice/Documents/ethOverOfdm/modulationFm/modulationFm.srcs/sources_1/new/ram.v" Line 56
Stopped at time : 100 ns : File "/home/fabrice/Documents/ethOverOfdm/modulationFm/modulationFm.sim/sim_1/synth/func/xsim/test_1_func_synth.v" Line 4371
Stopped at time : 100 ns : File "/home/fabrice/Documents/ethOverOfdm/modulationFm/modulationFm.sim/sim_1/synth/func/xsim/test_1_func_synth.v" Line 4372
Stopped at time : 100 ns : File "/home/fabrice/Documents/ethOverOfdm/modulationFm/modulationFm.sim/sim_1/synth/func/xsim/test_1_func_synth.v" Line 4363
Stopped at time : 100 ns : File "/home/fabrice/Documents/ethOverOfdm/modulationFm/modulationFm.sim/sim_1/synth/func/xsim/test_1_func_synth.v" Line 4365
